[debug] [2025-10-02T07:33:06.578Z] ----------------------------------------------------------------------
[debug] [2025-10-02T07:33:06.581Z] Command:       C:\Program Files\nodejs\node.exe C:\Users\san\AppData\Roaming\npm\node_modules\firebase-tools\lib\bin\firebase.js init
[debug] [2025-10-02T07:33:06.582Z] CLI Version:   14.17.0
[debug] [2025-10-02T07:33:06.582Z] Platform:      win32
[debug] [2025-10-02T07:33:06.582Z] Node Version:  v22.8.0
[debug] [2025-10-02T07:33:06.582Z] Time:          Thu Oct 02 2025 12:33:06 GMT+0500 (Pakistan Standard Time)
[debug] [2025-10-02T07:33:06.583Z] ----------------------------------------------------------------------
[debug] 
[debug] [2025-10-02T07:33:06.592Z] > command requires scopes: ["email","openid","https://www.googleapis.com/auth/cloudplatformprojects.readonly","https://www.googleapis.com/auth/firebase","https://www.googleapis.com/auth/cloud-platform"]
[debug] [2025-10-02T07:33:06.593Z] > authorizing via signed-in user (huriyasyed462@gmail.com)
[info] 
     ######## #### ########  ######## ########     ###     ######  ########
     ##        ##  ##     ## ##       ##     ##  ##   ##  ##       ##
     ######    ##  ########  ######   ########  #########  ######  ######
     ##        ##  ##    ##  ##       ##     ## ##     ##       ## ##
     ##       #### ##     ## ######## ########  ##     ##  ######  ########

You're about to initialize a Firebase project in this directory:

  C:\Users\san\Desktop\Hackathon-startup\edu-transcribe

[info] 
=== Project Setup
[info] 
[info] First, let's associate this project directory with a Firebase project.
[info] You can create multiple project aliases by running firebase use --add, 
[info] but for now we'll just set up a default project.
[info] 
[info] i  If you want to create a project in a Google Cloud organization or folder, please use "firebase projects:create" instead, and return to this command when you've created the project. 
[debug] [2025-10-02T07:41:45.631Z] Checked if tokens are valid: true, expires at: 1759393922230
[debug] [2025-10-02T07:41:45.631Z] Checked if tokens are valid: true, expires at: 1759393922230
[debug] [2025-10-02T07:41:45.635Z] >>> [apiv2][query] POST https://firebase.googleapis.com/v1/projects:checkProjectId [none]
[debug] [2025-10-02T07:41:45.635Z] >>> [apiv2][body] POST https://firebase.googleapis.com/v1/projects:checkProjectId {"proposedId":"edu-transcribe-2025"}
[debug] [2025-10-02T07:41:46.256Z] <<< [apiv2][status] POST https://firebase.googleapis.com/v1/projects:checkProjectId 200
[debug] [2025-10-02T07:41:46.257Z] <<< [apiv2][body] POST https://firebase.googleapis.com/v1/projects:checkProjectId {"projectIdStatus":"PROJECT_ID_AVAILABLE","suggestedProjectId":"edu-transcribe-2025"}
[debug] [2025-10-02T07:43:36.870Z] Checked if tokens are valid: true, expires at: 1759393922230
[debug] [2025-10-02T07:43:36.870Z] Checked if tokens are valid: true, expires at: 1759393922230
[debug] [2025-10-02T07:43:36.871Z] >>> [apiv2][query] POST https://cloudresourcemanager.googleapis.com/v1/projects [none]
[debug] [2025-10-02T07:43:36.871Z] >>> [apiv2][body] POST https://cloudresourcemanager.googleapis.com/v1/projects {"projectId":"edu-transcribe-2025","name":"Edu Transcribe "}
[debug] [2025-10-02T07:43:38.484Z] <<< [apiv2][status] POST https://cloudresourcemanager.googleapis.com/v1/projects 200
[debug] [2025-10-02T07:43:38.484Z] <<< [apiv2][body] POST https://cloudresourcemanager.googleapis.com/v1/projects {"name":"operations/create_project.global.6671281733959612771"}
[debug] [2025-10-02T07:43:38.485Z] Checked if tokens are valid: true, expires at: 1759393922230
[debug] [2025-10-02T07:43:38.486Z] Checked if tokens are valid: true, expires at: 1759393922230
[debug] [2025-10-02T07:43:38.486Z] >>> [apiv2][query] GET https://cloudresourcemanager.googleapis.com/v1/operations/create_project.global.6671281733959612771 [none]
[debug] [2025-10-02T07:43:39.708Z] <<< [apiv2][status] GET https://cloudresourcemanager.googleapis.com/v1/operations/create_project.global.6671281733959612771 200
[debug] [2025-10-02T07:43:39.708Z] <<< [apiv2][body] GET https://cloudresourcemanager.googleapis.com/v1/operations/create_project.global.6671281733959612771 {"name":"operations/create_project.global.6671281733959612771"}
[debug] [2025-10-02T07:43:40.219Z] [Project Creation Poller] Retrying task index 0
[debug] [2025-10-02T07:43:40.220Z] Checked if tokens are valid: true, expires at: 1759393922230
[debug] [2025-10-02T07:43:40.220Z] Checked if tokens are valid: true, expires at: 1759393922230
[debug] [2025-10-02T07:43:40.220Z] >>> [apiv2][query] GET https://cloudresourcemanager.googleapis.com/v1/operations/create_project.global.6671281733959612771 [none]
[debug] [2025-10-02T07:43:40.496Z] <<< [apiv2][status] GET https://cloudresourcemanager.googleapis.com/v1/operations/create_project.global.6671281733959612771 200
[debug] [2025-10-02T07:43:40.496Z] <<< [apiv2][body] GET https://cloudresourcemanager.googleapis.com/v1/operations/create_project.global.6671281733959612771 {"name":"operations/create_project.global.6671281733959612771","metadata":{"@type":"type.googleapis.com/google.cloudresourcemanager.v1.ProjectCreationStatus","gettable":true,"ready":true},"done":true,"response":{"@type":"type.googleapis.com/google.cloudresourcemanager.v1.Project","projectNumber":"607131893431","projectId":"edu-transcribe-2025","lifecycleState":"ACTIVE","name":"Edu Transcribe ","createTime":"2025-10-02T07:43:39.138472Z"}}
[debug] [2025-10-02T07:43:40.498Z] Checked if tokens are valid: true, expires at: 1759393922230
[debug] [2025-10-02T07:43:40.498Z] Checked if tokens are valid: true, expires at: 1759393922230
[debug] [2025-10-02T07:43:40.499Z] >>> [apiv2][query] POST https://firebase.googleapis.com/v1beta1/projects/edu-transcribe-2025:addFirebase [none]
[debug] [2025-10-02T07:43:44.145Z] <<< [apiv2][status] POST https://firebase.googleapis.com/v1beta1/projects/edu-transcribe-2025:addFirebase 200
[debug] [2025-10-02T07:43:44.145Z] <<< [apiv2][body] POST https://firebase.googleapis.com/v1beta1/projects/edu-transcribe-2025:addFirebase {"name":"operations/workflows/ZmJmYTA1NGYtMzgzMS00ZDBhLTkzYWItOGM3ZTFkMDI4MTcz"}
[debug] [2025-10-02T07:43:44.146Z] Checked if tokens are valid: true, expires at: 1759393922230
[debug] [2025-10-02T07:43:44.146Z] Checked if tokens are valid: true, expires at: 1759393922230
[debug] [2025-10-02T07:43:44.146Z] >>> [apiv2][query] GET https://firebase.googleapis.com/v1beta1/operations/workflows/ZmJmYTA1NGYtMzgzMS00ZDBhLTkzYWItOGM3ZTFkMDI4MTcz [none]
[debug] [2025-10-02T07:43:46.961Z] <<< [apiv2][status] GET https://firebase.googleapis.com/v1beta1/operations/workflows/ZmJmYTA1NGYtMzgzMS00ZDBhLTkzYWItOGM3ZTFkMDI4MTcz 200
[debug] [2025-10-02T07:43:46.961Z] <<< [apiv2][body] GET https://firebase.googleapis.com/v1beta1/operations/workflows/ZmJmYTA1NGYtMzgzMS00ZDBhLTkzYWItOGM3ZTFkMDI4MTcz {"name":"operations/workflows/ZmJmYTA1NGYtMzgzMS00ZDBhLTkzYWItOGM3ZTFkMDI4MTcz"}
[debug] [2025-10-02T07:43:47.516Z] [Add Firebase Poller] Retrying task index 0
[debug] [2025-10-02T07:43:47.516Z] Checked if tokens are valid: true, expires at: 1759393922230
[debug] [2025-10-02T07:43:47.516Z] Checked if tokens are valid: true, expires at: 1759393922230
[debug] [2025-10-02T07:43:47.517Z] >>> [apiv2][query] GET https://firebase.googleapis.com/v1beta1/operations/workflows/ZmJmYTA1NGYtMzgzMS00ZDBhLTkzYWItOGM3ZTFkMDI4MTcz [none]
[debug] [2025-10-02T07:43:48.246Z] <<< [apiv2][status] GET https://firebase.googleapis.com/v1beta1/operations/workflows/ZmJmYTA1NGYtMzgzMS00ZDBhLTkzYWItOGM3ZTFkMDI4MTcz 200
[debug] [2025-10-02T07:43:48.246Z] <<< [apiv2][body] GET https://firebase.googleapis.com/v1beta1/operations/workflows/ZmJmYTA1NGYtMzgzMS00ZDBhLTkzYWItOGM3ZTFkMDI4MTcz {"name":"operations/workflows/ZmJmYTA1NGYtMzgzMS00ZDBhLTkzYWItOGM3ZTFkMDI4MTcz"}
[debug] [2025-10-02T07:43:49.259Z] [Add Firebase Poller] Retrying task index 0
[debug] [2025-10-02T07:43:49.261Z] Checked if tokens are valid: true, expires at: 1759393922230
[debug] [2025-10-02T07:43:49.261Z] Checked if tokens are valid: true, expires at: 1759393922230
[debug] [2025-10-02T07:43:49.262Z] >>> [apiv2][query] GET https://firebase.googleapis.com/v1beta1/operations/workflows/ZmJmYTA1NGYtMzgzMS00ZDBhLTkzYWItOGM3ZTFkMDI4MTcz [none]
[debug] [2025-10-02T07:43:49.778Z] <<< [apiv2][status] GET https://firebase.googleapis.com/v1beta1/operations/workflows/ZmJmYTA1NGYtMzgzMS00ZDBhLTkzYWItOGM3ZTFkMDI4MTcz 200
[debug] [2025-10-02T07:43:49.779Z] <<< [apiv2][body] GET https://firebase.googleapis.com/v1beta1/operations/workflows/ZmJmYTA1NGYtMzgzMS00ZDBhLTkzYWItOGM3ZTFkMDI4MTcz {"name":"operations/workflows/ZmJmYTA1NGYtMzgzMS00ZDBhLTkzYWItOGM3ZTFkMDI4MTcz"}
[debug] [2025-10-02T07:43:51.788Z] [Add Firebase Poller] Retrying task index 0
[debug] [2025-10-02T07:43:51.791Z] Checked if tokens are valid: true, expires at: 1759393922230
[debug] [2025-10-02T07:43:51.791Z] Checked if tokens are valid: true, expires at: 1759393922230
[debug] [2025-10-02T07:43:51.792Z] >>> [apiv2][query] GET https://firebase.googleapis.com/v1beta1/operations/workflows/ZmJmYTA1NGYtMzgzMS00ZDBhLTkzYWItOGM3ZTFkMDI4MTcz [none]
[debug] [2025-10-02T07:43:52.377Z] <<< [apiv2][status] GET https://firebase.googleapis.com/v1beta1/operations/workflows/ZmJmYTA1NGYtMzgzMS00ZDBhLTkzYWItOGM3ZTFkMDI4MTcz 200
[debug] [2025-10-02T07:43:52.378Z] <<< [apiv2][body] GET https://firebase.googleapis.com/v1beta1/operations/workflows/ZmJmYTA1NGYtMzgzMS00ZDBhLTkzYWItOGM3ZTFkMDI4MTcz {"name":"operations/workflows/ZmJmYTA1NGYtMzgzMS00ZDBhLTkzYWItOGM3ZTFkMDI4MTcz","done":true,"response":{"@type":"type.googleapis.com/google.firebase.service.v1beta1.FirebaseProject","projectId":"edu-transcribe-2025","projectNumber":"607131893431","displayName":"Edu Transcribe ","name":"projects/edu-transcribe-2025","resources":{"hostingSite":"edu-transcribe-2025"}}}
[info] 
[info] === Your Firebase project is ready! ===
[info] 
[info] Project information:
[info]    - Project ID: edu-transcribe-2025
[info]    - Project Name: Edu Transcribe 
[info] 
[info] Firebase console is available at
[info] https://console.firebase.google.com/project/edu-transcribe-2025/overview
[info] i  Using project edu-transcribe-2025 (Edu Transcribe ) 
[info] 
=== Firestore Setup
[info] i  firestore: ensuring required API firestore.googleapis.com is enabled... 
[debug] [2025-10-02T07:43:52.410Z] Checked if tokens are valid: true, expires at: 1759393922230
[debug] [2025-10-02T07:43:52.410Z] Checked if tokens are valid: true, expires at: 1759393922230
[debug] [2025-10-02T07:43:52.411Z] >>> [apiv2][query] GET https://serviceusage.googleapis.com/v1/projects/edu-transcribe-2025/services/firestore.googleapis.com [none]
[debug] [2025-10-02T07:43:52.411Z] >>> [apiv2][(partial)header] GET https://serviceusage.googleapis.com/v1/projects/edu-transcribe-2025/services/firestore.googleapis.com x-goog-quota-user=projects/edu-transcribe-2025
[debug] [2025-10-02T07:43:54.677Z] <<< [apiv2][status] GET https://serviceusage.googleapis.com/v1/projects/edu-transcribe-2025/services/firestore.googleapis.com 200
[debug] [2025-10-02T07:43:54.677Z] <<< [apiv2][body] GET https://serviceusage.googleapis.com/v1/projects/edu-transcribe-2025/services/firestore.googleapis.com [omitted]
[warn] !  firestore: missing required API firestore.googleapis.com. Enabling now... 
[debug] [2025-10-02T07:43:54.681Z] Checked if tokens are valid: true, expires at: 1759393922230
[debug] [2025-10-02T07:43:54.682Z] Checked if tokens are valid: true, expires at: 1759393922230
[debug] [2025-10-02T07:43:54.682Z] >>> [apiv2][query] POST https://serviceusage.googleapis.com/v1/projects/edu-transcribe-2025/services/firestore.googleapis.com:enable [none]
[debug] [2025-10-02T07:43:54.683Z] >>> [apiv2][(partial)header] POST https://serviceusage.googleapis.com/v1/projects/edu-transcribe-2025/services/firestore.googleapis.com:enable x-goog-quota-user=projects/edu-transcribe-2025
[debug] [2025-10-02T07:43:56.935Z] <<< [apiv2][status] POST https://serviceusage.googleapis.com/v1/projects/edu-transcribe-2025/services/firestore.googleapis.com:enable 200
[debug] [2025-10-02T07:43:56.936Z] <<< [apiv2][body] POST https://serviceusage.googleapis.com/v1/projects/edu-transcribe-2025/services/firestore.googleapis.com:enable [omitted]
[debug] [2025-10-02T07:44:06.965Z] Checked if tokens are valid: true, expires at: 1759393922230
[debug] [2025-10-02T07:44:06.966Z] Checked if tokens are valid: true, expires at: 1759393922230
[debug] [2025-10-02T07:44:06.967Z] >>> [apiv2][query] GET https://firestore.googleapis.com/v1/projects/edu-transcribe-2025/databases [none]
[debug] [2025-10-02T07:44:08.600Z] <<< [apiv2][status] GET https://firestore.googleapis.com/v1/projects/edu-transcribe-2025/databases 200
[debug] [2025-10-02T07:44:08.600Z] <<< [apiv2][body] GET https://firestore.googleapis.com/v1/projects/edu-transcribe-2025/databases {}
[debug] [2025-10-02T07:44:08.601Z] Checked if tokens are valid: true, expires at: 1759393922230
[debug] [2025-10-02T07:44:08.602Z] Checked if tokens are valid: true, expires at: 1759393922230
[debug] [2025-10-02T07:44:08.602Z] >>> [apiv2][query] GET https://firestore.googleapis.com/v1/projects/edu-transcribe-2025/locations [none]
[debug] [2025-10-02T07:44:09.976Z] <<< [apiv2][status] GET https://firestore.googleapis.com/v1/projects/edu-transcribe-2025/locations 200
[debug] [2025-10-02T07:44:09.976Z] <<< [apiv2][body] GET https://firestore.googleapis.com/v1/projects/edu-transcribe-2025/locations {"locations":[{"name":"projects/edu-transcribe-2025/locations/eur3","labels":{"appengine.googleapis.com/geo":"europe-west","cloud.googleapis.com/location":"eur3","cloud.googleapis.com/geo":"eur3"},"metadata":{"@type":"type.googleapis.com/google.firestore.admin.v1.LocationMetadata"},"locationId":"eur3","displayName":"Europe"},{"name":"projects/edu-transcribe-2025/locations/nam5","labels":{"appengine.googleapis.com/geo":"us-central","cloud.googleapis.com/location":"nam5","cloud.googleapis.com/geo":"nam5"},"metadata":{"@type":"type.googleapis.com/google.firestore.admin.v1.LocationMetadata"},"locationId":"nam5","displayName":"United States"},{"name":"projects/edu-transcribe-2025/locations/nam7","labels":{"cloud.googleapis.com/location":"nam7","cloud.googleapis.com/geo":"nam7"},"metadata":{"@type":"type.googleapis.com/google.firestore.admin.v1.LocationMetadata"},"locationId":"nam7","displayName":"United States"},{"name":"projects/edu-transcribe-2025/locations/africa-south1","labels":{"cloud.googleapis.com/location":"africa-south1","cloud.googleapis.com/region":"africa-south1"},"metadata":{"@type":"type.googleapis.com/google.firestore.admin.v1.LocationMetadata"},"locationId":"africa-south1","displayName":"Johannesburg"},{"name":"projects/edu-transcribe-2025/locations/asia-east1","labels":{"appengine.googleapis.com/region":"asia-east1","cloud.googleapis.com/location":"asia-east1","cloud.googleapis.com/region":"asia-east1"},"metadata":{"@type":"type.googleapis.com/google.firestore.admin.v1.LocationMetadata"},"locationId":"asia-east1","displayName":"Taiwan"},{"name":"projects/edu-transcribe-2025/locations/asia-east2","labels":{"appengine.googleapis.com/region":"asia-east2","cloud.googleapis.com/location":"asia-east2","cloud.googleapis.com/region":"asia-east2"},"metadata":{"@type":"type.googleapis.com/google.firestore.admin.v1.LocationMetadata"},"locationId":"asia-east2","displayName":"Hong Kong"},{"name":"projects/edu-transcribe-2025/locations/asia-northeast1","labels":{"appengine.googleapis.com/region":"asia-northeast1","cloud.googleapis.com/location":"asia-northeast1","cloud.googleapis.com/region":"asia-northeast1"},"metadata":{"@type":"type.googleapis.com/google.firestore.admin.v1.LocationMetadata"},"locationId":"asia-northeast1","displayName":"Tokyo"},{"name":"projects/edu-transcribe-2025/locations/asia-northeast2","labels":{"appengine.googleapis.com/region":"asia-northeast2","cloud.googleapis.com/location":"asia-northeast2","cloud.googleapis.com/region":"asia-northeast2"},"metadata":{"@type":"type.googleapis.com/google.firestore.admin.v1.LocationMetadata"},"locationId":"asia-northeast2","displayName":"Osaka"},{"name":"projects/edu-transcribe-2025/locations/asia-northeast3","labels":{"appengine.googleapis.com/region":"asia-northeast3","cloud.googleapis.com/location":"asia-northeast3","cloud.googleapis.com/region":"asia-northeast3"},"metadata":{"@type":"type.googleapis.com/google.firestore.admin.v1.LocationMetadata"},"locationId":"asia-northeast3","displayName":"Seoul"},{"name":"projects/edu-transcribe-2025/locations/asia-south1","labels":{"appengine.googleapis.com/region":"asia-south1","cloud.googleapis.com/location":"asia-south1","cloud.googleapis.com/region":"asia-south1"},"metadata":{"@type":"type.googleapis.com/google.firestore.admin.v1.LocationMetadata"},"locationId":"asia-south1","displayName":"Mumbai"},{"name":"projects/edu-transcribe-2025/locations/asia-south2","labels":{"cloud.googleapis.com/location":"asia-south2","cloud.googleapis.com/region":"asia-south2"},"metadata":{"@type":"type.googleapis.com/google.firestore.admin.v1.LocationMetadata"},"locationId":"asia-south2","displayName":"Delhi"},{"name":"projects/edu-transcribe-2025/locations/asia-southeast1","labels":{"appengine.googleapis.com/region":"asia-southeast1","cloud.googleapis.com/location":"asia-southeast1","cloud.googleapis.com/region":"asia-southeast1"},"metadata":{"@type":"type.googleapis.com/google.firestore.admin.v1.LocationMetadata"},"locationId":"asia-southeast1","displayName":"Singapore"},{"name":"projects/edu-transcribe-2025/locations/asia-southeast2","labels":{"appengine.googleapis.com/region":"asia-southeast2","cloud.googleapis.com/location":"asia-southeast2","cloud.googleapis.com/region":"asia-southeast2"},"metadata":{"@type":"type.googleapis.com/google.firestore.admin.v1.LocationMetadata"},"locationId":"asia-southeast2","displayName":"Jakarta"},{"name":"projects/edu-transcribe-2025/locations/australia-southeast1","labels":{"appengine.googleapis.com/region":"australia-southeast1","cloud.googleapis.com/location":"australia-southeast1","cloud.googleapis.com/region":"australia-southeast1"},"metadata":{"@type":"type.googleapis.com/google.firestore.admin.v1.LocationMetadata"},"locationId":"australia-southeast1","displayName":"Sydney"},{"name":"projects/edu-transcribe-2025/locations/australia-southeast2","labels":{"cloud.googleapis.com/location":"australia-southeast2","cloud.googleapis.com/region":"australia-southeast2"},"metadata":{"@type":"type.googleapis.com/google.firestore.admin.v1.LocationMetadata"},"locationId":"australia-southeast2","displayName":"Melbourne"},{"name":"projects/edu-transcribe-2025/locations/europe-central2","labels":{"appengine.googleapis.com/region":"europe-central2","cloud.googleapis.com/location":"europe-central2","cloud.googleapis.com/region":"europe-central2"},"metadata":{"@type":"type.googleapis.com/google.firestore.admin.v1.LocationMetadata"},"locationId":"europe-central2","displayName":"Warsaw"},{"name":"projects/edu-transcribe-2025/locations/europe-north1","labels":{"cloud.googleapis.com/location":"europe-north1","cloud.googleapis.com/region":"europe-north1"},"metadata":{"@type":"type.googleapis.com/google.firestore.admin.v1.LocationMetadata"},"locationId":"europe-north1","displayName":"Finland"},{"name":"projects/edu-transcribe-2025/locations/europe-north2","labels":{"cloud.googleapis.com/location":"europe-north2","cloud.googleapis.com/region":"europe-north2"},"metadata":{"@type":"type.googleapis.com/google.firestore.admin.v1.LocationMetadata"},"locationId":"europe-north2","displayName":"Stockholm"},{"name":"projects/edu-transcribe-2025/locations/europe-southwest1","labels":{"cloud.googleapis.com/location":"europe-southwest1","cloud.googleapis.com/region":"europe-southwest1"},"metadata":{"@type":"type.googleapis.com/google.firestore.admin.v1.LocationMetadata"},"locationId":"europe-southwest1","displayName":"Madrid"},{"name":"projects/edu-transcribe-2025/locations/europe-west1","labels":{"cloud.googleapis.com/location":"europe-west1","cloud.googleapis.com/region":"europe-west1"},"metadata":{"@type":"type.googleapis.com/google.firestore.admin.v1.LocationMetadata"},"locationId":"europe-west1","displayName":"Belgium"},{"name":"projects/edu-transcribe-2025/locations/europe-west10","labels":{"cloud.googleapis.com/location":"europe-west10","cloud.googleapis.com/region":"europe-west10"},"metadata":{"@type":"type.googleapis.com/google.firestore.admin.v1.LocationMetadata"},"locationId":"europe-west10","displayName":"Berlin"},{"name":"projects/edu-transcribe-2025/locations/europe-west12","labels":{"cloud.googleapis.com/location":"europe-west12","cloud.googleapis.com/region":"europe-west12"},"metadata":{"@type":"type.googleapis.com/google.firestore.admin.v1.LocationMetadata"},"locationId":"europe-west12","displayName":"Turin"},{"name":"projects/edu-transcribe-2025/locations/europe-west2","labels":{"appengine.googleapis.com/region":"europe-west2","cloud.googleapis.com/location":"europe-west2","cloud.googleapis.com/region":"europe-west2"},"metadata":{"@type":"type.googleapis.com/google.firestore.admin.v1.LocationMetadata"},"locationId":"europe-west2","displayName":"London"},{"name":"projects/edu-transcribe-2025/locations/europe-west3","labels":{"appengine.googleapis.com/region":"europe-west3","cloud.googleapis.com/location":"europe-west3","cloud.googleapis.com/region":"europe-west3"},"metadata":{"@type":"type.googleapis.com/google.firestore.admin.v1.LocationMetadata"},"locationId":"europe-west3","displayName":"Frankfurt"},{"name":"projects/edu-transcribe-2025/locations/europe-west4","labels":{"cloud.googleapis.com/location":"europe-west4","cloud.googleapis.com/region":"europe-west4"},"metadata":{"@type":"type.googleapis.com/google.firestore.admin.v1.LocationMetadata"},"locationId":"europe-west4","displayName":"Netherlands"},{"name":"projects/edu-transcribe-2025/locations/europe-west6","labels":{"appengine.googleapis.com/region":"europe-west6","cloud.googleapis.com/location":"europe-west6","cloud.googleapis.com/region":"europe-west6"},"metadata":{"@type":"type.googleapis.com/google.firestore.admin.v1.LocationMetadata"},"locationId":"europe-west6","displayName":"Zurich"},{"name":"projects/edu-transcribe-2025/locations/europe-west8","labels":{"cloud.googleapis.com/location":"europe-west8","cloud.googleapis.com/region":"europe-west8"},"metadata":{"@type":"type.googleapis.com/google.firestore.admin.v1.LocationMetadata"},"locationId":"europe-west8","displayName":"Milan"},{"name":"projects/edu-transcribe-2025/locations/europe-west9","labels":{"cloud.googleapis.com/location":"europe-west9","cloud.googleapis.com/region":"europe-west9"},"metadata":{"@type":"type.googleapis.com/google.firestore.admin.v1.LocationMetadata"},"locationId":"europe-west9","displayName":"Paris"},{"name":"projects/edu-transcribe-2025/locations/me-central1","labels":{"cloud.googleapis.com/location":"me-central1","cloud.googleapis.com/region":"me-central1"},"metadata":{"@type":"type.googleapis.com/google.firestore.admin.v1.LocationMetadata"},"locationId":"me-central1","displayName":"Doha"},{"name":"projects/edu-transcribe-2025/locations/me-central2","labels":{"cloud.googleapis.com/location":"me-central2","cloud.googleapis.com/region":"me-central2"},"metadata":{"@type":"type.googleapis.com/google.firestore.admin.v1.LocationMetadata"},"locationId":"me-central2","displayName":"Dammam"},{"name":"projects/edu-transcribe-2025/locations/me-west1","labels":{"cloud.googleapis.com/location":"me-west1","cloud.googleapis.com/region":"me-west1"},"metadata":{"@type":"type.googleapis.com/google.firestore.admin.v1.LocationMetadata"},"locationId":"me-west1","displayName":"Tel Aviv"},{"name":"projects/edu-transcribe-2025/locations/northamerica-northeast1","labels":{"appengine.googleapis.com/region":"northamerica-northeast1","cloud.googleapis.com/location":"northamerica-northeast1","cloud.googleapis.com/region":"northamerica-northeast1"},"metadata":{"@type":"type.googleapis.com/google.firestore.admin.v1.LocationMetadata"},"locationId":"northamerica-northeast1","displayName":"Montréal"},{"name":"projects/edu-transcribe-2025/locations/northamerica-northeast2","labels":{"cloud.googleapis.com/location":"northamerica-northeast2","cloud.googleapis.com/region":"northamerica-northeast2"},"metadata":{"@type":"type.googleapis.com/google.firestore.admin.v1.LocationMetadata"},"locationId":"northamerica-northeast2","displayName":"Toronto"},{"name":"projects/edu-transcribe-2025/locations/northamerica-south1","labels":{"cloud.googleapis.com/location":"northamerica-south1","cloud.googleapis.com/region":"northamerica-south1"},"metadata":{"@type":"type.googleapis.com/google.firestore.admin.v1.LocationMetadata"},"locationId":"northamerica-south1","displayName":"Mexico"},{"name":"projects/edu-transcribe-2025/locations/southamerica-east1","labels":{"appengine.googleapis.com/region":"southamerica-east1","cloud.googleapis.com/location":"southamerica-east1","cloud.googleapis.com/region":"southamerica-east1"},"metadata":{"@type":"type.googleapis.com/google.firestore.admin.v1.LocationMetadata"},"locationId":"southamerica-east1","displayName":"São Paulo"},{"name":"projects/edu-transcribe-2025/locations/southamerica-west1","labels":{"cloud.googleapis.com/location":"southamerica-west1","cloud.googleapis.com/region":"southamerica-west1"},"metadata":{"@type":"type.googleapis.com/google.firestore.admin.v1.LocationMetadata"},"locationId":"southamerica-west1","displayName":"Santiago"},{"name":"projects/edu-transcribe-2025/locations/us-central1","labels":{"cloud.googleapis.com/location":"us-central1","cloud.googleapis.com/region":"us-central1"},"metadata":{"@type":"type.googleapis.com/google.firestore.admin.v1.LocationMetadata"},"locationId":"us-central1","displayName":"Iowa"},{"name":"projects/edu-transcribe-2025/locations/us-east1","labels":{"appengine.googleapis.com/region":"us-east1","cloud.googleapis.com/location":"us-east1","cloud.googleapis.com/region":"us-east1"},"metadata":{"@type":"type.googleapis.com/google.firestore.admin.v1.LocationMetadata"},"locationId":"us-east1","displayName":"South Carolina"},{"name":"projects/edu-transcribe-2025/locations/us-east4","labels":{"appengine.googleapis.com/region":"us-east4","cloud.googleapis.com/location":"us-east4","cloud.googleapis.com/region":"us-east4"},"metadata":{"@type":"type.googleapis.com/google.firestore.admin.v1.LocationMetadata"},"locationId":"us-east4","displayName":"Northern Virginia"},{"name":"projects/edu-transcribe-2025/locations/us-east5","labels":{"cloud.googleapis.com/location":"us-east5","cloud.googleapis.com/region":"us-east5"},"metadata":{"@type":"type.googleapis.com/google.firestore.admin.v1.LocationMetadata"},"locationId":"us-east5","displayName":"Columbus"},{"name":"projects/edu-transcribe-2025/locations/us-south1","labels":{"cloud.googleapis.com/location":"us-south1","cloud.googleapis.com/region":"us-south1"},"metadata":{"@type":"type.googleapis.com/google.firestore.admin.v1.LocationMetadata"},"locationId":"us-south1","displayName":"Dallas"},{"name":"projects/edu-transcribe-2025/locations/us-west1","labels":{"appengine.googleapis.com/region":"us-west1","cloud.googleapis.com/location":"us-west1","cloud.googleapis.com/region":"us-west1"},"metadata":{"@type":"type.googleapis.com/google.firestore.admin.v1.LocationMetadata"},"locationId":"us-west1","displayName":"Oregon"},{"name":"projects/edu-transcribe-2025/locations/us-west2","labels":{"appengine.googleapis.com/region":"us-west2","cloud.googleapis.com/location":"us-west2","cloud.googleapis.com/region":"us-west2"},"metadata":{"@type":"type.googleapis.com/google.firestore.admin.v1.LocationMetadata"},"locationId":"us-west2","displayName":"Los Angeles"},{"name":"projects/edu-transcribe-2025/locations/us-west3","labels":{"appengine.googleapis.com/region":"us-west3","cloud.googleapis.com/location":"us-west3","cloud.googleapis.com/region":"us-west3"},"metadata":{"@type":"type.googleapis.com/google.firestore.admin.v1.LocationMetadata"},"locationId":"us-west3","displayName":"Salt Lake City"},{"name":"projects/edu-transcribe-2025/locations/us-west4","labels":{"appengine.googleapis.com/region":"us-west4","cloud.googleapis.com/location":"us-west4","cloud.googleapis.com/region":"us-west4"},"metadata":{"@type":"type.googleapis.com/google.firestore.admin.v1.LocationMetadata"},"locationId":"us-west4","displayName":"Las Vegas"}]}
